<?xml version="1.0" encoding="UTF-8"?>
<testng-results ignored="0" total="1" passed="1" failed="0" skipped="0">
  <reporter-output>
  </reporter-output>
  <suite started-at="2024-05-12T08:17:40 IST" name="Default suite" finished-at="2024-05-12T08:17:48 IST" duration-ms="8037">
    <groups>
    </groups>
    <test started-at="2024-05-12T08:17:40 IST" name="Default test" finished-at="2024-05-12T08:17:48 IST" duration-ms="8037">
      <class name="drag_and_drop.draganddrop1">
        <test-method signature="draganddrop1()[pri:0, instance:drag_and_drop.draganddrop1@4fb0f2b9]" started-at="2024-05-12T08:17:40 IST" name="draganddrop1" finished-at="2024-05-12T08:17:48 IST" duration-ms="7989" status="PASS">
          <reporter-output>
          </reporter-output>
        </test-method> <!-- draganddrop1 -->
      </class> <!-- drag_and_drop.draganddrop1 -->
    </test> <!-- Default test -->
  </suite> <!-- Default suite -->
</testng-results>
